::1 - - [23/Jan/2018:07:40:56 +0000] "POST /eyes HTTP/1.1" 200 457
::1 - - [23/Jan/2018:07:41:01 +0000] "POST /eyes HTTP/1.1" 200 389
::ffff:127.0.0.1 - - [23/Jan/2018:08:09:33 +0000] "GET /eyes HTTP/1.1" 200 12
::1 - - [23/Jan/2018:08:22:55 +0000] "POST /eyes HTTP/1.1" 200 379
::1 - - [23/Jan/2018:08:22:58 +0000] "GET /eyes HTTP/1.1" 200 12
::1 - - [23/Jan/2018:08:23:31 +0000] "GET /eyes HTTP/1.1" 200 12
::1 - - [23/Jan/2018:08:24:57 +0000] "GET /eyes HTTP/1.1" 200 12
::1 - - [23/Jan/2018:08:25:45 +0000] "GET /eyes HTTP/1.1" 200 12
::1 - - [23/Jan/2018:08:28:32 +0000] "GET /eyes HTTP/1.1" 200 12
::1 - - [23/Jan/2018:08:33:53 +0000] "GET /eyes HTTP/1.1" 200 338
::1 - - [23/Jan/2018:08:34:43 +0000] "GET /eyes HTTP/1.1" 200 315
::1 - - [23/Jan/2018:08:35:18 +0000] "GET /eyes HTTP/1.1" 200 354
::1 - - [23/Jan/2018:08:36:13 +0000] "GET /eyes HTTP/1.1" 200 357
::1 - - [23/Jan/2018:08:39:59 +0000] "GET /eyes HTTP/1.1" 200 361
::1 - - [23/Jan/2018:08:40:14 +0000] "POST /eyes HTTP/1.1" 200 367
::1 - - [23/Jan/2018:08:40:33 +0000] "POST /eyes HTTP/1.1" 200 716
::1 - - [23/Jan/2018:08:40:58 +0000] "POST /eyes HTTP/1.1" 200 383
::1 - - [23/Jan/2018:08:47:34 +0000] "GET /eyes HTTP/1.1" 200 340
::1 - - [23/Jan/2018:08:47:52 +0000] "POST /eyes HTTP/1.1" 200 371
::1 - - [23/Jan/2018:08:48:00 +0000] "POST /eyes HTTP/1.1" 200 666
::1 - - [23/Jan/2018:08:48:05 +0000] "POST /eyes HTTP/1.1" 200 404
::1 - - [23/Jan/2018:08:50:37 +0000] "GET /eyes HTTP/1.1" 200 335
::1 - - [23/Jan/2018:08:56:56 +0000] "GET /eyes HTTP/1.1" 200 376
::1 - - [23/Jan/2018:08:57:03 +0000] "GET /eyes HTTP/1.1" 200 342
::1 - - [23/Jan/2018:08:57:12 +0000] "GET /eyes HTTP/1.1" 200 346
::1 - - [23/Jan/2018:08:58:16 +0000] "GET /eyes HTTP/1.1" 200 345
::1 - - [23/Jan/2018:08:58:27 +0000] "GET /eyes HTTP/1.1" 200 331
::1 - - [23/Jan/2018:08:58:34 +0000] "GET /eyes HTTP/1.1" 200 351
::1 - - [23/Jan/2018:08:58:39 +0000] "GET /eyes HTTP/1.1" 200 323
::1 - - [23/Jan/2018:08:58:47 +0000] "GET /eyes HTTP/1.1" 200 340
::1 - - [23/Jan/2018:08:58:51 +0000] "GET /eyes HTTP/1.1" 200 333
::1 - - [23/Jan/2018:08:59:29 +0000] "GET /eyes HTTP/1.1" 200 341
::1 - - [23/Jan/2018:08:59:44 +0000] "GET /eyes HTTP/1.1" 200 335
::1 - - [23/Jan/2018:08:59:49 +0000] "GET /eyes HTTP/1.1" 200 336
::1 - - [23/Jan/2018:08:59:52 +0000] "GET /eyes HTTP/1.1" 200 340
::1 - - [23/Jan/2018:09:00:09 +0000] "GET /eyes HTTP/1.1" 200 322
::1 - - [23/Jan/2018:09:00:27 +0000] "GET /eyes HTTP/1.1" 200 387
::1 - - [23/Jan/2018:09:00:32 +0000] "GET /eyes HTTP/1.1" 200 355
::1 - - [23/Jan/2018:09:00:56 +0000] "GET /eyes HTTP/1.1" 200 335
::1 - - [23/Jan/2018:09:01:03 +0000] "GET /eyes HTTP/1.1" 200 337
::1 - - [23/Jan/2018:09:01:18 +0000] "GET /eyes HTTP/1.1" 200 340
::1 - - [23/Jan/2018:09:01:33 +0000] "GET /eyes HTTP/1.1" 200 352
::1 - - [23/Jan/2018:09:02:07 +0000] "GET /eyes HTTP/1.1" 200 348
::1 - - [23/Jan/2018:09:02:50 +0000] "GET /eyes HTTP/1.1" 200 347
::1 - - [23/Jan/2018:09:03:01 +0000] "GET /eyes HTTP/1.1" 200 403
::1 - - [23/Jan/2018:09:03:07 +0000] "GET /eyes HTTP/1.1" 200 341
::1 - - [23/Jan/2018:09:03:10 +0000] "GET /eyes HTTP/1.1" 200 386
::1 - - [23/Jan/2018:09:03:31 +0000] "GET /eyes HTTP/1.1" 200 343
::1 - - [23/Jan/2018:09:04:30 +0000] "GET /eyes HTTP/1.1" 200 335
::1 - - [23/Jan/2018:09:04:47 +0000] "GET /eyes HTTP/1.1" 200 338
::1 - - [23/Jan/2018:09:05:10 +0000] "GET /eyes HTTP/1.1" 200 398
::1 - - [23/Jan/2018:09:05:27 +0000] "GET /eyes HTTP/1.1" 200 334
::1 - - [23/Jan/2018:09:05:41 +0000] "GET /eyes HTTP/1.1" 200 363
::1 - - [23/Jan/2018:09:05:45 +0000] "GET /eyes HTTP/1.1" 200 336
::1 - - [23/Jan/2018:09:05:50 +0000] "GET /eyes HTTP/1.1" 200 337
::1 - - [23/Jan/2018:09:05:57 +0000] "GET /eyes HTTP/1.1" 200 353
::1 - - [23/Jan/2018:09:06:04 +0000] "GET /eyes HTTP/1.1" 200 360
::1 - - [23/Jan/2018:09:06:17 +0000] "GET /eyes HTTP/1.1" 200 351
::1 - - [23/Jan/2018:09:06:20 +0000] "GET /eyes HTTP/1.1" 200 338
::1 - - [23/Jan/2018:09:06:33 +0000] "GET /eyes HTTP/1.1" 200 329
::1 - - [23/Jan/2018:09:06:46 +0000] "GET /eyes HTTP/1.1" 200 352
::1 - - [23/Jan/2018:09:06:50 +0000] "GET /eyes HTTP/1.1" 200 334
::1 - - [23/Jan/2018:09:06:58 +0000] "GET /eyes HTTP/1.1" 200 349
::1 - - [23/Jan/2018:09:07:03 +0000] "GET /eyes HTTP/1.1" 200 329
::1 - - [23/Jan/2018:09:07:11 +0000] "GET /eyes HTTP/1.1" 200 404
::1 - - [23/Jan/2018:09:07:21 +0000] "GET /eyes HTTP/1.1" 200 332
::1 - - [23/Jan/2018:09:07:24 +0000] "OPTIONS /eyes HTTP/1.1" 200 13
::1 - - [23/Jan/2018:09:07:25 +0000] "POST /eyes HTTP/1.1" 200 384
::1 - - [23/Jan/2018:09:10:35 +0000] "GET /eyes HTTP/1.1" 200 12
::1 - - [23/Jan/2018:09:11:38 +0000] "GET /eyes HTTP/1.1" 200 12
::1 - - [23/Jan/2018:09:12:14 +0000] "GET /eyes HTTP/1.1" 200 383
::1 - - [23/Jan/2018:09:13:19 +0000] "GET /tools HTTP/1.1" 200 402
::1 - - [23/Jan/2018:09:14:03 +0000] "GET / HTTP/1.1" 200 227
::1 - - [23/Jan/2018:09:14:08 +0000] "GET /tools HTTP/1.1" 200 353
::1 - - [23/Jan/2018:09:14:14 +0000] "GET /tools HTTP/1.1" 200 332
::1 - - [23/Jan/2018:09:14:20 +0000] "OPTIONS /tools HTTP/1.1" 200 13
::1 - - [23/Jan/2018:09:14:21 +0000] "POST /tools HTTP/1.1" 200 388
::1 - - [23/Jan/2018:09:15:16 +0000] "GET /tools HTTP/1.1" 200 340
::1 - - [23/Jan/2018:09:15:19 +0000] "GET /tools HTTP/1.1" 200 345
::1 - - [23/Jan/2018:09:15:31 +0000] "OPTIONS /tools HTTP/1.1" 200 13
::1 - - [23/Jan/2018:09:15:32 +0000] "POST /tools HTTP/1.1" 200 373
::1 - - [23/Jan/2018:09:16:39 +0000] "GET /tools HTTP/1.1" 200 395
::1 - - [23/Jan/2018:09:16:42 +0000] "GET /tools HTTP/1.1" 200 340
::1 - - [23/Jan/2018:09:16:49 +0000] "GET /tools HTTP/1.1" 200 342
::1 - - [23/Jan/2018:09:16:55 +0000] "OPTIONS /tools HTTP/1.1" 200 13
::1 - - [23/Jan/2018:09:16:56 +0000] "POST /tools HTTP/1.1" 200 400
::1 - - [23/Jan/2018:09:17:05 +0000] "OPTIONS /tools HTTP/1.1" 200 13
::1 - - [23/Jan/2018:09:17:06 +0000] "POST /tools HTTP/1.1" 200 402
::1 - - [23/Jan/2018:09:17:36 +0000] "GET /tools HTTP/1.1" 200 357
::1 - - [23/Jan/2018:09:17:52 +0000] "GET /tools HTTP/1.1" 200 326
::1 - - [23/Jan/2018:09:18:07 +0000] "GET /tools HTTP/1.1" 200 342
::1 - - [23/Jan/2018:09:18:14 +0000] "GET /tools HTTP/1.1" 200 345
::1 - - [23/Jan/2018:09:18:20 +0000] "GET /tools HTTP/1.1" 200 346
::1 - - [23/Jan/2018:09:18:44 +0000] "GET /tools HTTP/1.1" 200 340
::1 - - [23/Jan/2018:09:18:47 +0000] "GET /tools HTTP/1.1" 200 333
::1 - - [23/Jan/2018:09:18:51 +0000] "GET /tools HTTP/1.1" 200 341
::1 - - [23/Jan/2018:09:18:52 +0000] "OPTIONS /tools HTTP/1.1" 200 13
::1 - - [23/Jan/2018:09:18:53 +0000] "POST /tools HTTP/1.1" 200 368
::1 - - [23/Jan/2018:09:18:59 +0000] "GET /tools HTTP/1.1" 200 346
::1 - - [23/Jan/2018:09:19:25 +0000] "GET /tools HTTP/1.1" 200 364
::1 - - [23/Jan/2018:09:19:34 +0000] "GET /tools HTTP/1.1" 200 351
::1 - - [23/Jan/2018:09:20:12 +0000] "GET /tools HTTP/1.1" 200 324
::1 - - [23/Jan/2018:09:20:15 +0000] "GET /tools HTTP/1.1" 200 352
::1 - - [23/Jan/2018:09:20:22 +0000] "GET /tools HTTP/1.1" 200 358
::1 - - [23/Jan/2018:09:20:34 +0000] "GET /tools HTTP/1.1" 200 377
::1 - - [23/Jan/2018:09:20:43 +0000] "GET /tools HTTP/1.1" 200 355
::1 - - [23/Jan/2018:09:20:46 +0000] "GET /tools HTTP/1.1" 200 361
::1 - - [23/Jan/2018:09:20:48 +0000] "GET /tools HTTP/1.1" 200 375
::1 - - [23/Jan/2018:09:20:52 +0000] "GET /tools HTTP/1.1" 200 342
::1 - - [23/Jan/2018:09:20:56 +0000] "GET /tools HTTP/1.1" 200 332
::1 - - [23/Jan/2018:09:21:08 +0000] "GET /tools HTTP/1.1" 200 355
::1 - - [23/Jan/2018:09:21:16 +0000] "GET /tools HTTP/1.1" 200 331
::1 - - [23/Jan/2018:09:21:19 +0000] "GET /tools HTTP/1.1" 200 362
::1 - - [23/Jan/2018:09:21:25 +0000] "GET /tools HTTP/1.1" 200 403
::1 - - [23/Jan/2018:09:21:28 +0000] "GET /tools HTTP/1.1" 200 375
::1 - - [23/Jan/2018:09:21:35 +0000] "GET /tools HTTP/1.1" 200 353
::1 - - [23/Jan/2018:09:21:40 +0000] "GET /tools HTTP/1.1" 200 352
::1 - - [23/Jan/2018:09:21:52 +0000] "GET /tools HTTP/1.1" 200 362
::1 - - [23/Jan/2018:09:22:04 +0000] "GET /tools HTTP/1.1" 200 334
::1 - - [23/Jan/2018:09:22:09 +0000] "GET /tools HTTP/1.1" 200 356
::1 - - [23/Jan/2018:09:22:12 +0000] "GET /tools HTTP/1.1" 200 337
::1 - - [23/Jan/2018:09:22:17 +0000] "GET /tools HTTP/1.1" 200 345
::1 - - [23/Jan/2018:09:22:26 +0000] "GET /tools HTTP/1.1" 200 352
::1 - - [23/Jan/2018:09:22:48 +0000] "GET /tools HTTP/1.1" 200 359
::1 - - [23/Jan/2018:09:23:35 +0000] "GET /tools HTTP/1.1" 200 344
::1 - - [23/Jan/2018:09:23:37 +0000] "GET /tools HTTP/1.1" 200 366
::1 - - [23/Jan/2018:09:23:46 +0000] "GET /tools HTTP/1.1" 200 342
::1 - - [23/Jan/2018:09:23:55 +0000] "GET /tools HTTP/1.1" 200 341
::1 - - [23/Jan/2018:09:24:05 +0000] "GET /tools HTTP/1.1" 200 403
::1 - - [23/Jan/2018:09:24:17 +0000] "GET /tools HTTP/1.1" 200 339
::1 - - [23/Jan/2018:09:24:28 +0000] "GET /tools HTTP/1.1" 200 364
::1 - - [23/Jan/2018:09:24:39 +0000] "GET /tools HTTP/1.1" 200 365
::1 - - [23/Jan/2018:09:24:42 +0000] "OPTIONS /tools HTTP/1.1" 200 13
::1 - - [23/Jan/2018:09:24:43 +0000] "POST /tools HTTP/1.1" 200 367
::1 - - [23/Jan/2018:09:25:04 +0000] "OPTIONS /tools HTTP/1.1" 200 13
::1 - - [23/Jan/2018:09:25:05 +0000] "POST /tools HTTP/1.1" 200 679
::1 - - [23/Jan/2018:09:25:21 +0000] "GET /tools HTTP/1.1" 200 321
::1 - - [23/Jan/2018:09:25:33 +0000] "GET /tools HTTP/1.1" 200 356
::1 - - [23/Jan/2018:09:25:35 +0000] "GET /tools HTTP/1.1" - -
::1 - - [23/Jan/2018:09:25:37 +0000] "GET /tools HTTP/1.1" 200 327
::1 - - [23/Jan/2018:09:26:01 +0000] "GET /tools HTTP/1.1" 200 326
::1 - - [23/Jan/2018:09:26:05 +0000] "GET /tools HTTP/1.1" 200 340
::1 - - [23/Jan/2018:09:26:06 +0000] "GET /tools HTTP/1.1" 200 335
::1 - - [23/Jan/2018:09:26:11 +0000] "GET /tools HTTP/1.1" 200 341
::1 - - [23/Jan/2018:09:26:14 +0000] "GET /tools HTTP/1.1" 200 351
::1 - - [23/Jan/2018:09:26:44 +0000] "GET /tools HTTP/1.1" 200 395
::1 - - [23/Jan/2018:09:26:48 +0000] "GET /tools HTTP/1.1" 200 366
::1 - - [23/Jan/2018:09:26:52 +0000] "GET /tools HTTP/1.1" 200 365
::1 - - [23/Jan/2018:09:26:58 +0000] "GET /tools HTTP/1.1" 200 331
::1 - - [23/Jan/2018:09:27:10 +0000] "GET /tools HTTP/1.1" 200 342
::1 - - [23/Jan/2018:09:27:12 +0000] "GET /tools HTTP/1.1" 200 338
::1 - - [23/Jan/2018:09:27:57 +0000] "GET /tools HTTP/1.1" - -
::1 - - [23/Jan/2018:09:27:58 +0000] "GET /tools HTTP/1.1" 200 331
::1 - - [23/Jan/2018:09:28:06 +0000] "GET /tools HTTP/1.1" 200 339
::1 - - [23/Jan/2018:09:28:19 +0000] "GET /tools HTTP/1.1" 200 344
::1 - - [23/Jan/2018:09:28:24 +0000] "GET /tools HTTP/1.1" 200 340
::1 - - [23/Jan/2018:09:28:28 +0000] "GET /tools HTTP/1.1" 200 365
::1 - - [23/Jan/2018:09:28:36 +0000] "GET /tools HTTP/1.1" 200 345
::1 - - [23/Jan/2018:09:28:40 +0000] "GET /tools HTTP/1.1" 200 356
::1 - - [23/Jan/2018:09:28:44 +0000] "GET /tools HTTP/1.1" 200 332
::1 - - [23/Jan/2018:09:28:51 +0000] "GET /tools HTTP/1.1" 200 342
::1 - - [23/Jan/2018:09:28:56 +0000] "GET /tools HTTP/1.1" 200 351
::1 - - [23/Jan/2018:09:28:58 +0000] "GET /tools HTTP/1.1" 200 323
::1 - - [23/Jan/2018:09:29:00 +0000] "GET /tools HTTP/1.1" 200 353
::1 - - [23/Jan/2018:09:29:43 +0000] "GET /tools HTTP/1.1" 200 335
::1 - - [23/Jan/2018:09:29:45 +0000] "OPTIONS /tools HTTP/1.1" 200 13
::1 - - [23/Jan/2018:09:29:46 +0000] "POST /tools HTTP/1.1" 200 700
::1 - - [23/Jan/2018:09:30:02 +0000] "GET /tools HTTP/1.1" 200 358
::1 - - [23/Jan/2018:09:30:04 +0000] "GET /tools HTTP/1.1" 200 362
::1 - - [23/Jan/2018:09:30:18 +0000] "GET /tools HTTP/1.1" 200 407
::1 - - [23/Jan/2018:09:30:33 +0000] "GET /tools HTTP/1.1" 200 335
::1 - - [23/Jan/2018:09:30:37 +0000] "GET /tools HTTP/1.1" 200 363
::1 - - [23/Jan/2018:09:30:38 +0000] "OPTIONS /tools HTTP/1.1" 200 13
::1 - - [23/Jan/2018:09:30:39 +0000] "POST /tools HTTP/1.1" 200 714
::1 - - [23/Jan/2018:09:31:17 +0000] "GET /tools HTTP/1.1" 200 361
::1 - - [23/Jan/2018:09:31:19 +0000] "GET /tools HTTP/1.1" 200 358
::1 - - [23/Jan/2018:09:31:23 +0000] "GET /tools HTTP/1.1" 200 349
::1 - - [23/Jan/2018:09:31:26 +0000] "OPTIONS /tools HTTP/1.1" 200 13
::1 - - [23/Jan/2018:09:31:27 +0000] "POST /tools HTTP/1.1" 200 726
::1 - - [23/Jan/2018:09:31:34 +0000] "GET /tools HTTP/1.1" 200 358
::1 - - [23/Jan/2018:09:31:36 +0000] "OPTIONS /tools HTTP/1.1" 200 13
::1 - - [23/Jan/2018:09:31:37 +0000] "POST /tools HTTP/1.1" 200 712
::1 - - [23/Jan/2018:09:31:42 +0000] "GET /tools HTTP/1.1" 200 342
::1 - - [23/Jan/2018:09:31:57 +0000] "GET /tools HTTP/1.1" 200 331
::1 - - [23/Jan/2018:09:32:03 +0000] "OPTIONS /tools HTTP/1.1" 200 13
::1 - - [23/Jan/2018:09:32:03 +0000] "POST /tools HTTP/1.1" 200 374
::1 - - [23/Jan/2018:09:32:10 +0000] "OPTIONS /tools HTTP/1.1" 200 13
::1 - - [23/Jan/2018:09:32:11 +0000] "POST /tools HTTP/1.1" 200 386
::1 - - [23/Jan/2018:09:32:36 +0000] "GET /tools HTTP/1.1" 200 357
::1 - - [23/Jan/2018:09:32:39 +0000] "GET /tools HTTP/1.1" 200 409
::1 - - [23/Jan/2018:09:33:14 +0000] "OPTIONS /tools HTTP/1.1" 200 13
::1 - - [23/Jan/2018:09:33:15 +0000] "POST /tools HTTP/1.1" 200 800
::1 - - [23/Jan/2018:09:33:41 +0000] "GET /tools HTTP/1.1" 200 341
::1 - - [23/Jan/2018:09:33:43 +0000] "GET /tools HTTP/1.1" 200 352
::1 - - [23/Jan/2018:09:33:45 +0000] "OPTIONS /tools HTTP/1.1" 200 13
::1 - - [23/Jan/2018:09:33:47 +0000] "POST /tools HTTP/1.1" 200 760
::1 - - [23/Jan/2018:09:34:10 +0000] "GET /tools HTTP/1.1" 200 340
::1 - - [23/Jan/2018:09:34:20 +0000] "GET /tools HTTP/1.1" 200 346
::1 - - [23/Jan/2018:09:34:32 +0000] "GET /tools HTTP/1.1" 200 366
::1 - - [23/Jan/2018:09:34:36 +0000] "GET /tools HTTP/1.1" 200 339
::1 - - [23/Jan/2018:09:34:44 +0000] "GET /tools HTTP/1.1" 200 352
::1 - - [23/Jan/2018:09:35:13 +0000] "GET /tools HTTP/1.1" 200 345
::1 - - [23/Jan/2018:09:35:18 +0000] "GET /tools HTTP/1.1" 200 350
::1 - - [23/Jan/2018:09:35:34 +0000] "GET /tools HTTP/1.1" 200 358
::1 - - [23/Jan/2018:09:36:13 +0000] "OPTIONS /tools HTTP/1.1" 200 13
::1 - - [23/Jan/2018:09:36:15 +0000] "POST /tools HTTP/1.1" 200 759
::1 - - [23/Jan/2018:09:36:46 +0000] "GET /tools HTTP/1.1" 200 324
::1 - - [23/Jan/2018:09:36:48 +0000] "OPTIONS /tools HTTP/1.1" 200 13
::1 - - [23/Jan/2018:09:36:49 +0000] "POST /tools HTTP/1.1" 200 701
::1 - - [23/Jan/2018:09:37:00 +0000] "OPTIONS /tools HTTP/1.1" 200 13
::1 - - [23/Jan/2018:09:37:02 +0000] "POST /tools HTTP/1.1" 200 732
::1 - - [23/Jan/2018:09:37:23 +0000] "GET /tools HTTP/1.1" 200 356
::1 - - [23/Jan/2018:09:37:29 +0000] "GET /tools HTTP/1.1" 200 333
::1 - - [23/Jan/2018:09:37:39 +0000] "GET /tools HTTP/1.1" 200 353
::1 - - [23/Jan/2018:09:37:43 +0000] "GET /tools HTTP/1.1" 200 357
::1 - - [23/Jan/2018:09:37:47 +0000] "GET /tools HTTP/1.1" 200 335
::1 - - [23/Jan/2018:09:37:53 +0000] "GET /tools HTTP/1.1" 200 363
::1 - - [23/Jan/2018:09:37:57 +0000] "OPTIONS /tools HTTP/1.1" 200 13
::1 - - [23/Jan/2018:09:37:58 +0000] "POST /tools HTTP/1.1" 200 738
::1 - - [23/Jan/2018:09:38:14 +0000] "GET /tools HTTP/1.1" 200 363
::1 - - [23/Jan/2018:09:38:17 +0000] "GET /tools HTTP/1.1" 200 340
::1 - - [23/Jan/2018:09:38:22 +0000] "GET /nails HTTP/1.1" 200 12
::1 - - [23/Jan/2018:09:38:47 +0000] "GET /nail HTTP/1.1" 200 353
::1 - - [23/Jan/2018:09:38:51 +0000] "OPTIONS /nail HTTP/1.1" 200 13
::1 - - [23/Jan/2018:09:38:52 +0000] "POST /nail HTTP/1.1" 200 724
::1 - - [23/Jan/2018:09:40:29 +0000] "GET /nail HTTP/1.1" 200 342
::1 - - [23/Jan/2018:09:40:53 +0000] "GET /nail HTTP/1.1" 200 344
::1 - - [23/Jan/2018:09:41:08 +0000] "GET /nail HTTP/1.1" 200 344
::1 - - [23/Jan/2018:09:41:18 +0000] "GET /nail HTTP/1.1" 200 339
::1 - - [23/Jan/2018:09:41:39 +0000] "GET /nail HTTP/1.1" 200 331
::1 - - [23/Jan/2018:09:41:45 +0000] "OPTIONS /nail HTTP/1.1" 200 13
::1 - - [23/Jan/2018:09:41:46 +0000] "POST /nail HTTP/1.1" 200 722
::1 - - [23/Jan/2018:09:42:19 +0000] "OPTIONS /nail HTTP/1.1" 200 13
::1 - - [23/Jan/2018:09:42:20 +0000] "POST /nail HTTP/1.1" 200 739
::1 - - [23/Jan/2018:09:42:25 +0000] "OPTIONS /nail HTTP/1.1" 200 13
::1 - - [23/Jan/2018:09:42:26 +0000] "POST /nail HTTP/1.1" 200 369
::1 - - [23/Jan/2018:09:42:41 +0000] "GET /nail HTTP/1.1" 200 332
::1 - - [23/Jan/2018:09:42:50 +0000] "GET /nail HTTP/1.1" 200 342
::1 - - [23/Jan/2018:09:42:58 +0000] "GET /nail HTTP/1.1" 200 386
::1 - - [23/Jan/2018:09:43:06 +0000] "OPTIONS /nail HTTP/1.1" 200 13
::1 - - [23/Jan/2018:09:43:07 +0000] "POST /nail HTTP/1.1" 200 774
::1 - - [23/Jan/2018:09:43:29 +0000] "OPTIONS /nail HTTP/1.1" 200 13
::1 - - [23/Jan/2018:09:43:30 +0000] "POST /nail HTTP/1.1" 200 745
::1 - - [23/Jan/2018:09:43:57 +0000] "GET /nail HTTP/1.1" 200 341
::1 - - [23/Jan/2018:09:44:05 +0000] "GET /nail HTTP/1.1" 200 338
::1 - - [23/Jan/2018:09:44:12 +0000] "GET /nail HTTP/1.1" 200 357
::1 - - [23/Jan/2018:09:44:25 +0000] "GET /nail HTTP/1.1" 200 349
::1 - - [23/Jan/2018:09:44:43 +0000] "GET /nail HTTP/1.1" 200 345
::1 - - [23/Jan/2018:09:44:51 +0000] "GET /nail HTTP/1.1" 200 338
::1 - - [23/Jan/2018:09:45:00 +0000] "GET /nail HTTP/1.1" 200 387
::1 - - [23/Jan/2018:09:45:25 +0000] "GET /nail HTTP/1.1" 200 331
::1 - - [23/Jan/2018:09:46:05 +0000] "GET /nail HTTP/1.1" 200 339
::1 - - [23/Jan/2018:09:46:11 +0000] "GET /nail HTTP/1.1" - -
::1 - - [23/Jan/2018:09:46:11 +0000] "GET /nail HTTP/1.1" 200 335
::1 - - [23/Jan/2018:09:46:22 +0000] "GET /nail HTTP/1.1" 200 360
::1 - - [23/Jan/2018:09:46:29 +0000] "GET /nail HTTP/1.1" 200 341
::1 - - [23/Jan/2018:09:46:35 +0000] "GET /nail HTTP/1.1" 200 344
::1 - - [23/Jan/2018:09:46:48 +0000] "GET /tools HTTP/1.1" 200 333
::1 - - [23/Jan/2018:09:46:54 +0000] "GET /tools HTTP/1.1" 200 342
::1 - - [23/Jan/2018:09:46:57 +0000] "GET /tools HTTP/1.1" 200 398
::1 - - [23/Jan/2018:09:46:59 +0000] "GET /nails HTTP/1.1" 304 -
::1 - - [23/Jan/2018:09:47:02 +0000] "GET /nail HTTP/1.1" 200 402
::1 - - [23/Jan/2018:09:47:11 +0000] "OPTIONS /nail HTTP/1.1" 200 13
::1 - - [23/Jan/2018:09:47:12 +0000] "POST /nail HTTP/1.1" 200 813
::1 - - [23/Jan/2018:09:47:20 +0000] "OPTIONS /nail HTTP/1.1" 200 13
::1 - - [23/Jan/2018:09:47:21 +0000] "POST /nail HTTP/1.1" 200 352
::1 - - [23/Jan/2018:09:47:48 +0000] "GET /nail HTTP/1.1" 200 343
::1 - - [23/Jan/2018:09:48:04 +0000] "GET /nail HTTP/1.1" 200 348
::1 - - [23/Jan/2018:09:48:19 +0000] "GET /nail HTTP/1.1" 200 389
::1 - - [23/Jan/2018:09:48:20 +0000] "OPTIONS /nail HTTP/1.1" 200 13
::1 - - [23/Jan/2018:09:48:21 +0000] "POST /nail HTTP/1.1" 200 362
::1 - - [23/Jan/2018:09:48:30 +0000] "OPTIONS /nail HTTP/1.1" 200 13
::1 - - [23/Jan/2018:09:48:31 +0000] "POST /nail HTTP/1.1" 200 707
::1 - - [23/Jan/2018:09:48:38 +0000] "OPTIONS /nail HTTP/1.1" 200 13
::1 - - [23/Jan/2018:09:48:39 +0000] "POST /nail HTTP/1.1" 200 699
::1 - - [23/Jan/2018:09:49:13 +0000] "GET /nail HTTP/1.1" 200 343
::1 - - [23/Jan/2018:09:49:18 +0000] "GET /nail HTTP/1.1" 200 323
::1 - - [23/Jan/2018:09:49:27 +0000] "OPTIONS /nail HTTP/1.1" 200 13
::1 - - [23/Jan/2018:09:49:28 +0000] "POST /nail HTTP/1.1" 200 743
::1 - - [23/Jan/2018:09:49:32 +0000] "POST /nail HTTP/1.1" 200 373
::1 - - [23/Jan/2018:09:49:47 +0000] "GET /tools HTTP/1.1" 200 355
::1 - - [23/Jan/2018:09:49:48 +0000] "GET /tools HTTP/1.1" 200 369
::1 - - [23/Jan/2018:09:51:14 +0000] "GET /tools HTTP/1.1" 200 361
::1 - - [23/Jan/2018:09:51:38 +0000] "GET /tools HTTP/1.1" 200 360
::1 - - [23/Jan/2018:09:51:46 +0000] "GET /tools HTTP/1.1" 200 351
::1 - - [23/Jan/2018:09:52:12 +0000] "GET /nail HTTP/1.1" 200 348
::1 - - [23/Jan/2018:09:52:20 +0000] "GET /eyes HTTP/1.1" 200 368
::1 - - [23/Jan/2018:09:52:54 +0000] "GET /tools HTTP/1.1" 200 340
::1 - - [23/Jan/2018:09:53:03 +0000] "GET /tools HTTP/1.1" 200 350
::1 - - [23/Jan/2018:09:53:43 +0000] "GET /tools HTTP/1.1" 200 334
::1 - - [23/Jan/2018:09:54:00 +0000] "GET /tools HTTP/1.1" 200 344
::1 - - [23/Jan/2018:09:54:10 +0000] "GET /tools HTTP/1.1" 200 316
::1 - - [23/Jan/2018:09:54:48 +0000] "GET /tools HTTP/1.1" 200 339
::1 - - [23/Jan/2018:09:54:51 +0000] "GET /tools HTTP/1.1" 200 336
::1 - - [23/Jan/2018:09:54:58 +0000] "GET /tools HTTP/1.1" 200 365
::1 - - [23/Jan/2018:09:55:22 +0000] "GET /tools HTTP/1.1" 200 396
::1 - - [23/Jan/2018:09:55:24 +0000] "GET /tools HTTP/1.1" 200 351
::1 - - [23/Jan/2018:09:55:42 +0000] "GET /tools HTTP/1.1" 200 357
::1 - - [23/Jan/2018:09:56:03 +0000] "GET /tools HTTP/1.1" 200 351
::1 - - [23/Jan/2018:09:56:16 +0000] "GET /tools HTTP/1.1" 200 355
::1 - - [23/Jan/2018:09:56:30 +0000] "GET /tools HTTP/1.1" 200 358
::1 - - [23/Jan/2018:09:56:35 +0000] "GET /tools HTTP/1.1" 200 353
::1 - - [23/Jan/2018:09:56:39 +0000] "GET /tools HTTP/1.1" 200 331
::1 - - [23/Jan/2018:09:56:54 +0000] "GET /tools HTTP/1.1" 200 400
::1 - - [23/Jan/2018:09:56:56 +0000] "GET /tools HTTP/1.1" 200 331
::1 - - [23/Jan/2018:09:57:12 +0000] "GET /tools HTTP/1.1" 200 344
::1 - - [23/Jan/2018:09:57:16 +0000] "OPTIONS /tools HTTP/1.1" 200 13
::1 - - [23/Jan/2018:09:57:17 +0000] "POST /tools HTTP/1.1" 200 768
::1 - - [23/Jan/2018:09:57:36 +0000] "OPTIONS /tools HTTP/1.1" 200 13
::1 - - [23/Jan/2018:09:57:37 +0000] "POST /tools HTTP/1.1" 200 387
::1 - - [23/Jan/2018:09:57:58 +0000] "GET /eyes HTTP/1.1" 200 342
::1 - - [23/Jan/2018:09:58:48 +0000] "GET /eyes HTTP/1.1" 200 340
::1 - - [23/Jan/2018:09:58:49 +0000] "GET /tools HTTP/1.1" 200 345
::1 - - [23/Jan/2018:09:59:28 +0000] "OPTIONS /tools HTTP/1.1" 200 13
::1 - - [23/Jan/2018:09:59:29 +0000] "POST /tools HTTP/1.1" 200 699
::1 - - [23/Jan/2018:10:00:46 +0000] "GET /tools HTTP/1.1" 200 359
::1 - - [23/Jan/2018:10:00:52 +0000] "GET /tools HTTP/1.1" 200 341
::1 - - [23/Jan/2018:10:04:07 +0000] "GET /tools HTTP/1.1" 200 350
::1 - - [23/Jan/2018:10:04:18 +0000] "GET /tools HTTP/1.1" 200 325
::1 - - [23/Jan/2018:10:04:34 +0000] "GET /tools HTTP/1.1" 200 322
::1 - - [23/Jan/2018:10:04:41 +0000] "GET /tools HTTP/1.1" 200 352
::1 - - [23/Jan/2018:10:07:13 +0000] "GET /tools HTTP/1.1" 200 357
::1 - - [23/Jan/2018:10:07:32 +0000] "GET /tools HTTP/1.1" 200 375
::1 - - [23/Jan/2018:10:07:44 +0000] "GET /tools HTTP/1.1" 200 418
::1 - - [23/Jan/2018:10:07:47 +0000] "GET /tools HTTP/1.1" 200 331
::1 - - [23/Jan/2018:10:07:53 +0000] "GET /tools HTTP/1.1" 200 358
::1 - - [23/Jan/2018:10:07:58 +0000] "GET /tools HTTP/1.1" 200 364
::1 - - [23/Jan/2018:10:08:05 +0000] "GET /tools HTTP/1.1" 200 352
::1 - - [23/Jan/2018:10:08:10 +0000] "GET /tools HTTP/1.1" 200 372
::1 - - [23/Jan/2018:10:08:44 +0000] "GET /tools HTTP/1.1" 200 361
::1 - - [23/Jan/2018:10:08:53 +0000] "GET /tools HTTP/1.1" 200 350
::1 - - [23/Jan/2018:10:09:08 +0000] "GET /tools HTTP/1.1" 200 335
::1 - - [23/Jan/2018:10:09:20 +0000] "GET /tools HTTP/1.1" 200 361
::1 - - [23/Jan/2018:10:09:34 +0000] "GET /tools HTTP/1.1" 200 349
::1 - - [23/Jan/2018:10:09:54 +0000] "GET /tools HTTP/1.1" 200 340
::1 - - [23/Jan/2018:10:10:23 +0000] "GET /tools HTTP/1.1" 200 340
::1 - - [23/Jan/2018:10:10:27 +0000] "GET /tools HTTP/1.1" 200 342
::1 - - [23/Jan/2018:10:10:30 +0000] "GET /tools HTTP/1.1" 200 348
::1 - - [23/Jan/2018:10:10:54 +0000] "GET /tools HTTP/1.1" 200 353
::1 - - [23/Jan/2018:10:11:04 +0000] "GET /tools HTTP/1.1" 200 342
::1 - - [23/Jan/2018:10:11:08 +0000] "GET /tools HTTP/1.1" 200 316
::1 - - [23/Jan/2018:10:11:13 +0000] "GET /tools HTTP/1.1" 200 358
::1 - - [23/Jan/2018:10:11:35 +0000] "GET /tools HTTP/1.1" 200 323
::1 - - [23/Jan/2018:10:11:45 +0000] "GET /tools HTTP/1.1" 200 392
::1 - - [23/Jan/2018:10:11:59 +0000] "GET /tools HTTP/1.1" 200 322
::1 - - [23/Jan/2018:10:12:02 +0000] "GET /tools HTTP/1.1" 200 344
::1 - - [23/Jan/2018:10:12:12 +0000] "GET /tools HTTP/1.1" 200 353
::1 - - [23/Jan/2018:10:12:35 +0000] "GET /tools HTTP/1.1" 200 350
::1 - - [23/Jan/2018:10:12:55 +0000] "GET /tools HTTP/1.1" 200 341
::1 - - [23/Jan/2018:10:13:02 +0000] "GET /tools HTTP/1.1" 200 366
::1 - - [23/Jan/2018:10:13:07 +0000] "GET /tools HTTP/1.1" 200 356
::1 - - [23/Jan/2018:10:13:10 +0000] "GET /tools HTTP/1.1" 200 345
::1 - - [23/Jan/2018:10:13:13 +0000] "GET /tools HTTP/1.1" 200 365
::1 - - [23/Jan/2018:10:13:20 +0000] "GET /tools HTTP/1.1" 200 341
::1 - - [23/Jan/2018:10:13:39 +0000] "GET /tools HTTP/1.1" 200 346
::1 - - [23/Jan/2018:10:13:41 +0000] "GET /tools HTTP/1.1" 200 338
::1 - - [23/Jan/2018:10:13:43 +0000] "GET /tools HTTP/1.1" 200 414
::1 - - [23/Jan/2018:10:14:00 +0000] "GET /tools HTTP/1.1" 200 338
::1 - - [23/Jan/2018:10:14:04 +0000] "GET /tools HTTP/1.1" 200 340
::1 - - [23/Jan/2018:10:14:06 +0000] "GET /tools HTTP/1.1" 200 359
::1 - - [23/Jan/2018:10:14:27 +0000] "GET /tools HTTP/1.1" 200 339
::1 - - [23/Jan/2018:10:14:41 +0000] "GET /tools HTTP/1.1" 200 357
::1 - - [23/Jan/2018:10:14:49 +0000] "GET /tools HTTP/1.1" 200 330
::1 - - [23/Jan/2018:10:14:51 +0000] "GET /tools HTTP/1.1" 200 342
::1 - - [23/Jan/2018:10:15:17 +0000] "GET /tools HTTP/1.1" 200 351
::1 - - [23/Jan/2018:10:16:13 +0000] "GET /tools HTTP/1.1" 200 350
::1 - - [23/Jan/2018:10:16:17 +0000] "GET /tools HTTP/1.1" 200 345
::1 - - [23/Jan/2018:10:16:30 +0000] "GET /tools HTTP/1.1" 200 403
::1 - - [23/Jan/2018:10:16:40 +0000] "GET /tools HTTP/1.1" 200 337
::1 - - [23/Jan/2018:10:16:55 +0000] "GET /tools HTTP/1.1" 200 337
::1 - - [23/Jan/2018:10:16:59 +0000] "GET /tools HTTP/1.1" 200 339
::1 - - [23/Jan/2018:10:17:04 +0000] "GET /tools HTTP/1.1" 200 400
::1 - - [23/Jan/2018:10:17:09 +0000] "GET /tools HTTP/1.1" 200 360
::1 - - [23/Jan/2018:10:17:13 +0000] "GET /tools HTTP/1.1" 200 361
::1 - - [23/Jan/2018:10:17:17 +0000] "GET /tools HTTP/1.1" 200 332
::1 - - [23/Jan/2018:10:17:21 +0000] "GET /tools HTTP/1.1" 200 355
::1 - - [23/Jan/2018:10:17:26 +0000] "GET /tools HTTP/1.1" 200 342
::1 - - [23/Jan/2018:10:17:30 +0000] "GET /tools HTTP/1.1" 200 340
::1 - - [23/Jan/2018:10:17:41 +0000] "GET /face HTTP/1.1" 200 339
::1 - - [23/Jan/2018:10:17:43 +0000] "GET /nail HTTP/1.1" 200 337
::1 - - [23/Jan/2018:10:17:51 +0000] "OPTIONS /nail HTTP/1.1" 200 13
::1 - - [23/Jan/2018:10:17:52 +0000] "POST /nail HTTP/1.1" 200 760
::1 - - [23/Jan/2018:10:17:54 +0000] "POST /nail HTTP/1.1" 200 433
::1 - - [23/Jan/2018:10:18:01 +0000] "OPTIONS /nail HTTP/1.1" 200 13
::1 - - [23/Jan/2018:10:18:02 +0000] "POST /nail HTTP/1.1" 200 763
::1 - - [23/Jan/2018:10:18:15 +0000] "OPTIONS /nail HTTP/1.1" 200 13
::1 - - [23/Jan/2018:10:18:16 +0000] "POST /nail HTTP/1.1" 200 710
::1 - - [23/Jan/2018:10:18:19 +0000] "GET /nail HTTP/1.1" 200 355
::1 - - [23/Jan/2018:10:18:29 +0000] "GET /nail HTTP/1.1" 200 352
::1 - - [23/Jan/2018:10:18:31 +0000] "OPTIONS /nail HTTP/1.1" 200 13
::1 - - [23/Jan/2018:10:18:32 +0000] "POST /nail HTTP/1.1" 200 723
::1 - - [23/Jan/2018:10:19:34 +0000] "GET /nail HTTP/1.1" 200 348
::1 - - [23/Jan/2018:10:19:55 +0000] "GET /nail HTTP/1.1" 200 365
::1 - - [23/Jan/2018:10:20:01 +0000] "OPTIONS /nail HTTP/1.1" 200 13
::1 - - [23/Jan/2018:10:20:02 +0000] "POST /nail HTTP/1.1" 200 367
::1 - - [23/Jan/2018:11:06:57 +0000] "GET / HTTP/1.1" 200 751
::1 - - [23/Jan/2018:11:06:57 +0000] "GET /styles.441ed4745639572b9661.bundle.css HTTP/1.1" 200 12
::1 - - [23/Jan/2018:11:06:57 +0000] "GET /inline.b5964114283233ec1e47.bundle.js HTTP/1.1" 200 12
::1 - - [23/Jan/2018:11:06:57 +0000] "GET /polyfills.f20484b2fa4642e0dca8.bundle.js HTTP/1.1" 200 12
::1 - - [23/Jan/2018:11:06:57 +0000] "GET /main.0403bf208497a96d4838.bundle.js HTTP/1.1" 200 12
::1 - - [23/Jan/2018:11:06:57 +0000] "GET /styles.441ed4745639572b9661.bundle.css HTTP/1.1" 304 -
::1 - - [23/Jan/2018:11:06:57 +0000] "GET /inline.b5964114283233ec1e47.bundle.js HTTP/1.1" 304 -
::1 - - [23/Jan/2018:11:06:57 +0000] "GET /polyfills.f20484b2fa4642e0dca8.bundle.js HTTP/1.1" 304 -
::1 - - [23/Jan/2018:11:06:58 +0000] "GET /main.0403bf208497a96d4838.bundle.js HTTP/1.1" 304 -
::1 - - [23/Jan/2018:11:09:08 +0000] "GET / HTTP/1.1" 200 751
::1 - - [23/Jan/2018:11:09:08 +0000] "GET /styles.441ed4745639572b9661.bundle.css HTTP/1.1" 200 12
::1 - - [23/Jan/2018:11:09:08 +0000] "GET /inline.b5964114283233ec1e47.bundle.js HTTP/1.1" 200 12
::1 - - [23/Jan/2018:11:09:08 +0000] "GET /polyfills.f20484b2fa4642e0dca8.bundle.js HTTP/1.1" 200 12
::1 - - [23/Jan/2018:11:09:08 +0000] "GET /main.0403bf208497a96d4838.bundle.js HTTP/1.1" 200 12
::1 - - [23/Jan/2018:11:09:08 +0000] "GET /styles.441ed4745639572b9661.bundle.css HTTP/1.1" 304 -
::1 - - [23/Jan/2018:11:09:08 +0000] "GET /inline.b5964114283233ec1e47.bundle.js HTTP/1.1" 304 -
::1 - - [23/Jan/2018:11:09:08 +0000] "GET /polyfills.f20484b2fa4642e0dca8.bundle.js HTTP/1.1" 304 -
::1 - - [23/Jan/2018:11:09:08 +0000] "GET /main.0403bf208497a96d4838.bundle.js HTTP/1.1" 304 -
::1 - - [23/Jan/2018:11:10:22 +0000] "GET / HTTP/1.1" 304 -
::1 - - [23/Jan/2018:11:10:22 +0000] "GET /styles.441ed4745639572b9661.bundle.css HTTP/1.1" 304 -
::1 - - [23/Jan/2018:11:10:22 +0000] "GET /inline.b5964114283233ec1e47.bundle.js HTTP/1.1" 304 -
::1 - - [23/Jan/2018:11:10:22 +0000] "GET /polyfills.f20484b2fa4642e0dca8.bundle.js HTTP/1.1" 304 -
::1 - - [23/Jan/2018:11:10:22 +0000] "GET /main.0403bf208497a96d4838.bundle.js HTTP/1.1" 304 -
::1 - - [23/Jan/2018:11:10:38 +0000] "GET /client/dist/main.0403bf208497a96d4838.bundle.css HTTP/1.1" 404 187
::1 - - [23/Jan/2018:11:11:21 +0000] "GET /client/dist/index.html HTTP/1.1" 200 751
::1 - - [23/Jan/2018:11:11:43 +0000] "GET /client/dist/inline.b5964114283233ec1e47.bundle.js HTTP/1.1" 200 1445
::1 - - [23/Jan/2018:11:11:52 +0000] "GET /client/dist/main.0403bf208497a96d4838.bundle.js HTTP/1.1" 200 323219
::1 - - [23/Jan/2018:11:12:01 +0000] "GET /client/dist/polyfills.f20484b2fa4642e0dca8.bundle.js HTTP/1.1" 200 59417
::1 - - [23/Jan/2018:11:12:10 +0000] "GET /client/dist/styles.441ed4745639572b9661.bundle.js HTTP/1.1" 404 188
::1 - - [23/Jan/2018:11:12:20 +0000] "GET /client/dist/styles.441ed4745639572b9661.bundle.css HTTP/1.1" 200 115637
::1 - - [23/Jan/2018:11:12:59 +0000] "GET /styles.441ed4745639572b9661.bundle.css HTTP/1.1" 304 -
::1 - - [23/Jan/2018:11:12:59 +0000] "GET /inline.b5964114283233ec1e47.bundle.js HTTP/1.1" 304 -
::1 - - [23/Jan/2018:11:12:59 +0000] "GET /polyfills.f20484b2fa4642e0dca8.bundle.js HTTP/1.1" 304 -
::1 - - [23/Jan/2018:11:12:59 +0000] "GET /main.0403bf208497a96d4838.bundle.js HTTP/1.1" 304 -
::1 - - [23/Jan/2018:11:13:02 +0000] "GET /styles.441ed4745639572b9661.bundle.css HTTP/1.1" 304 -
::1 - - [23/Jan/2018:11:13:18 +0000] "GET /inline.b5964114283233ec1e47.bundle.js HTTP/1.1" 304 -
::1 - - [23/Jan/2018:11:13:37 +0000] "GET / HTTP/1.1" 200 803
::1 - - [23/Jan/2018:11:13:37 +0000] "GET /client/dist/styles.441ed4745639572b9661.bundle.css HTTP/1.1" 304 -
::1 - - [23/Jan/2018:11:13:37 +0000] "GET /client/dist/inline.b5964114283233ec1e47.bundle.js HTTP/1.1" 304 -
::1 - - [23/Jan/2018:11:13:37 +0000] "GET /client/dist/polyfills.f20484b2fa4642e0dca8.bundle.js HTTP/1.1" 304 -
::1 - - [23/Jan/2018:11:13:37 +0000] "GET /client/dist/main.0403bf208497a96d4838.bundle.js HTTP/1.1" 304 -
::1 - - [23/Jan/2018:11:13:37 +0000] "GET /client/dist/background.12736f3897c32cd8350e.png HTTP/1.1" 200 3581850
::1 - - [23/Jan/2018:11:13:41 +0000] "GET /skin HTTP/1.1" 200 340
::1 - - [23/Jan/2018:11:13:41 +0000] "GET /client/dist/glyphicons-halflings-regular.448c34a56d699c29117a.woff2 HTTP/1.1" 200 18028
::1 - - [23/Jan/2018:11:14:59 +0000] "GET /skin HTTP/1.1" 200 343
::1 - - [23/Jan/2018:11:15:14 +0000] "GET /skin HTTP/1.1" 200 353
::1 - - [23/Jan/2018:11:15:15 +0000] "GET /skin HTTP/1.1" 200 324
::1 - - [23/Jan/2018:11:15:18 +0000] "GET /nail HTTP/1.1" 200 336
::1 - - [23/Jan/2018:11:15:42 +0000] "GET /nail HTTP/1.1" 200 363
::1 - - [23/Jan/2018:11:15:52 +0000] "GET /nail HTTP/1.1" 200 344
::1 - - [23/Jan/2018:11:18:04 +0000] "GET /skin HTTP/1.1" 200 352
::1 - - [23/Jan/2018:11:18:09 +0000] "OPTIONS /skin HTTP/1.1" 200 13
::1 - - [23/Jan/2018:11:18:10 +0000] "POST /skin HTTP/1.1" 200 767
::1 - - [23/Jan/2018:11:18:19 +0000] "GET /skin HTTP/1.1" 200 357
::1 - - [23/Jan/2018:11:18:21 +0000] "GET /skin HTTP/1.1" 200 352
::1 - - [23/Jan/2018:11:18:24 +0000] "GET /skin HTTP/1.1" 200 352
::1 - - [23/Jan/2018:11:18:25 +0000] "GET /skin HTTP/1.1" 200 361
::1 - - [23/Jan/2018:11:19:37 +0000] "GET /skin HTTP/1.1" 200 329
::1 - - [23/Jan/2018:11:19:42 +0000] "GET /nail HTTP/1.1" 200 337
::1 - - [23/Jan/2018:11:19:48 +0000] "GET /nail HTTP/1.1" 200 335
::1 - - [23/Jan/2018:11:19:52 +0000] "OPTIONS /nail HTTP/1.1" 200 13
::1 - - [23/Jan/2018:11:19:53 +0000] "POST /nail HTTP/1.1" 200 726
::1 - - [23/Jan/2018:11:23:58 +0000] "GET / HTTP/1.1" 200 589
::1 - - [23/Jan/2018:11:23:58 +0000] "GET /styles.c3745a44ef5f65edd665.bundle.css HTTP/1.1" 200 12
::1 - - [23/Jan/2018:11:23:58 +0000] "GET /inline.f67bd971251ce2708fe1.bundle.js HTTP/1.1" 200 12
::1 - - [23/Jan/2018:11:23:58 +0000] "GET /main.d00d963ca0160c3ff026.bundle.js HTTP/1.1" 200 12
::1 - - [23/Jan/2018:11:23:59 +0000] "GET /polyfills.f20484b2fa4642e0dca8.bundle.js HTTP/1.1" 304 -
::1 - - [23/Jan/2018:11:24:37 +0000] "GET / HTTP/1.1" 200 641
::1 - - [23/Jan/2018:11:24:37 +0000] "GET /client/dist/inline.f67bd971251ce2708fe1.bundle.js HTTP/1.1" 200 1445
::1 - - [23/Jan/2018:11:24:37 +0000] "GET /client/dist/polyfills.f20484b2fa4642e0dca8.bundle.js HTTP/1.1" 200 59417
::1 - - [23/Jan/2018:11:24:37 +0000] "GET /client/dist/styles.c3745a44ef5f65edd665.bundle.css HTTP/1.1" 200 115637
::1 - - [23/Jan/2018:11:24:37 +0000] "GET /client/dist/main.d00d963ca0160c3ff026.bundle.js HTTP/1.1" 200 324727
::1 - - [23/Jan/2018:11:24:38 +0000] "GET /background.12736f3897c32cd8350e.png HTTP/1.1" 200 12
::1 - - [23/Jan/2018:11:24:42 +0000] "GET /client/dist/styles.c3745a44ef5f65edd665.bundle.css HTTP/1.1" 304 -
::1 - - [23/Jan/2018:11:24:53 +0000] "GET /skin HTTP/1.1" 200 353
::1 - - [23/Jan/2018:11:24:53 +0000] "GET /client/dist/glyphicons-halflings-regular.448c34a56d699c29117a.woff2 HTTP/1.1" 200 18028
::1 - - [23/Jan/2018:11:25:02 +0000] "POST /skin HTTP/1.1" 200 756
::1 - - [23/Jan/2018:11:25:06 +0000] "POST /skin HTTP/1.1" 200 384
::1 - - [23/Jan/2018:11:25:25 +0000] "GET /background.12736f3897c32cd8350e.png HTTP/1.1" 304 -
::1 - - [23/Jan/2018:11:25:38 +0000] "GET /client/dist/background.12736f3897c32cd8350e.png HTTP/1.1" 200 3581850
::1 - - [23/Jan/2018:11:28:19 +0000] "GET / HTTP/1.1" 200 641
::1 - - [23/Jan/2018:11:28:19 +0000] "GET /client/dist/%22main.901dc132f9d90f15ad97.bundle.js%22 HTTP/1.1" 404 192
::1 - - [23/Jan/2018:11:28:19 +0000] "GET /client/dist/inline.8ae948aabe5e9ae6c0ef.bundle.js HTTP/1.1" 200 1445
::1 - - [23/Jan/2018:11:28:19 +0000] "GET /client/dist/polyfills.f20484b2fa4642e0dca8.bundle.js HTTP/1.1" 200 59417
::1 - - [23/Jan/2018:11:28:19 +0000] "GET /client/dist/styles.441ed4745639572b9661.bundle.css HTTP/1.1" 200 115637
::1 - - [23/Jan/2018:11:28:19 +0000] "GET /client/dist/%22main.901dc132f9d90f15ad97.bundle.js%22 HTTP/1.1" 404 192
::1 - - [23/Jan/2018:11:28:32 +0000] "GET /client/dist/%22main.901dc132f9d90f15ad97.bundle.js%22 HTTP/1.1" 404 192
::1 - - [23/Jan/2018:11:28:59 +0000] "GET / HTTP/1.1" 200 640
::1 - - [23/Jan/2018:11:29:00 +0000] "GET /client/dist/styles.441ed4745639572b9661.bundle.css HTTP/1.1" 304 -
::1 - - [23/Jan/2018:11:29:00 +0000] "GET /client/dist/inline.8ae948aabe5e9ae6c0ef.bundle.js HTTP/1.1" 304 -
::1 - - [23/Jan/2018:11:29:00 +0000] "GET /client/dist/polyfills.f20484b2fa4642e0dca8.bundle.js HTTP/1.1" 304 -
::1 - - [23/Jan/2018:11:29:00 +0000] "GET /client/dist/main.901dc132f9d90f15ad97.bundle.js%22 HTTP/1.1" 404 189
::1 - - [23/Jan/2018:11:29:00 +0000] "GET /client/dist/main.901dc132f9d90f15ad97.bundle.js%22 HTTP/1.1" 404 189
::1 - - [23/Jan/2018:11:29:00 +0000] "GET /client/dist/styles.441ed4745639572b9661.bundle.css HTTP/1.1" 304 -
::1 - - [23/Jan/2018:11:29:00 +0000] "GET /client/dist/inline.8ae948aabe5e9ae6c0ef.bundle.js HTTP/1.1" 304 -
::1 - - [23/Jan/2018:11:29:00 +0000] "GET /client/dist/polyfills.f20484b2fa4642e0dca8.bundle.js HTTP/1.1" 304 -
::1 - - [23/Jan/2018:11:29:00 +0000] "GET /client/dist/main.901dc132f9d90f15ad97.bundle.js%22 HTTP/1.1" 404 189
::1 - - [23/Jan/2018:11:29:19 +0000] "GET / HTTP/1.1" 200 641
::1 - - [23/Jan/2018:11:29:19 +0000] "GET /client/dist/inline.8ae948aabe5e9ae6c0ef.bundle.js HTTP/1.1" 200 1445
::1 - - [23/Jan/2018:11:29:19 +0000] "GET /client/dist/polyfills.f20484b2fa4642e0dca8.bundle.js HTTP/1.1" 200 59417
::1 - - [23/Jan/2018:11:29:19 +0000] "GET /client/dist/styles.441ed4745639572b9661.bundle.css HTTP/1.1" 200 115637
::1 - - [23/Jan/2018:11:29:19 +0000] "GET /client/dist/main.901dc132f9d90f15ad97.bundle.js HTTP/1.1" 200 324719
::1 - - [23/Jan/2018:11:29:19 +0000] "GET /client/dist/background.png HTTP/1.1" 404 165
::1 - - [23/Jan/2018:11:29:28 +0000] "GET /client/dist/background.png HTTP/1.1" 404 165
::1 - - [23/Jan/2018:11:29:59 +0000] "GET /client/dist/assets/background.12736f3897c32cd8350e.png HTTP/1.1" 404 193
::1 - - [23/Jan/2018:11:30:24 +0000] "GET /client/dist/background.12736f3897c32cd8350e.png HTTP/1.1" 200 3581850
::1 - - [23/Jan/2018:11:30:49 +0000] "GET /client/dist/assets/images/backgroun.png HTTP/1.1" 404 178
::1 - - [23/Jan/2018:11:30:53 +0000] "GET /client/dist/assets/images/background.png HTTP/1.1" 200 3581850
::1 - - [23/Jan/2018:11:32:01 +0000] "GET / HTTP/1.1" 200 589
::1 - - [23/Jan/2018:11:32:01 +0000] "GET /styles.441ed4745639572b9661.bundle.css HTTP/1.1" 200 12
::1 - - [23/Jan/2018:11:32:01 +0000] "GET /inline.35395e4bc4197d207259.bundle.js HTTP/1.1" 200 12
::1 - - [23/Jan/2018:11:32:01 +0000] "GET /polyfills.f20484b2fa4642e0dca8.bundle.js HTTP/1.1" 200 12
::1 - - [23/Jan/2018:11:32:01 +0000] "GET /main.c57b53053a2c4c822151.bundle.js HTTP/1.1" 200 12
::1 - - [23/Jan/2018:11:32:35 +0000] "GET / HTTP/1.1" 200 641
::1 - - [23/Jan/2018:11:32:35 +0000] "GET /client/dist/inline.35395e4bc4197d207259.bundle.js HTTP/1.1" 200 1445
::1 - - [23/Jan/2018:11:32:35 +0000] "GET /client/dist/polyfills.f20484b2fa4642e0dca8.bundle.js HTTP/1.1" 200 59417
::1 - - [23/Jan/2018:11:32:35 +0000] "GET /client/dist/styles.441ed4745639572b9661.bundle.css HTTP/1.1" 200 115637
::1 - - [23/Jan/2018:11:32:35 +0000] "GET /client/dist/main.c57b53053a2c4c822151.bundle.js HTTP/1.1" 200 324733
::1 - - [23/Jan/2018:11:32:35 +0000] "GET /client/dist/assets/images/background.png HTTP/1.1" 200 3581850
::1 - - [23/Jan/2018:11:32:39 +0000] "GET /eyes HTTP/1.1" 200 349
::1 - - [23/Jan/2018:11:32:39 +0000] "GET /client/dist/glyphicons-halflings-regular.448c34a56d699c29117a.woff2 HTTP/1.1" 200 18028
::1 - - [23/Jan/2018:11:32:40 +0000] "GET /skin HTTP/1.1" 200 348
::1 - - [23/Jan/2018:11:32:41 +0000] "GET /nail HTTP/1.1" 200 342
::1 - - [23/Jan/2018:11:32:51 +0000] "POST /nail HTTP/1.1" 200 756
::1 - - [23/Jan/2018:11:32:54 +0000] "POST /nail HTTP/1.1" 200 717
::1 - - [23/Jan/2018:11:32:56 +0000] "POST /nail HTTP/1.1" 200 391
::1 - - [23/Jan/2018:11:33:01 +0000] "POST /nail HTTP/1.1" 200 724
::1 - - [23/Jan/2018:11:33:09 +0000] "POST /nail HTTP/1.1" 200 375
::1 - - [23/Jan/2018:11:34:40 +0000] "GET /eyes HTTP/1.1" 200 408
::1 - - [23/Jan/2018:11:34:46 +0000] "POST /eyes HTTP/1.1" 200 450
