{"level":"info","message":"logging this to file"}
{"level":"info","message":"LOG THIS"}
{"level":"info","message":"logging this to file"}
{"level":"info","message":"LOG THIS"}
{"level":"info","message":"=========================================================="}
{"level":"info","message":"getting for collection: styles.441ed4745639572b9661.bundle.css"}
{"level":"info","message":"=========================================================="}
{"level":"info","message":"getting for collection: inline.b5964114283233ec1e47.bundle.js"}
{"level":"info","message":"=========================================================="}
{"level":"info","message":"getting for collection: polyfills.f20484b2fa4642e0dca8.bundle.js"}
{"level":"info","message":"=========================================================="}
{"level":"info","message":"getting for collection: main.0403bf208497a96d4838.bundle.js"}
{"level":"info","message":"=========================================================="}
{"level":"info","message":"getting for collection: styles.441ed4745639572b9661.bundle.css"}
{"level":"info","message":"=========================================================="}
{"level":"info","message":"getting for collection: inline.b5964114283233ec1e47.bundle.js"}
{"level":"info","message":"=========================================================="}
{"level":"info","message":"getting for collection: polyfills.f20484b2fa4642e0dca8.bundle.js"}
{"level":"info","message":"=========================================================="}
{"level":"info","message":"getting for collection: main.0403bf208497a96d4838.bundle.js"}
{"level":"info","message":"logging this to file"}
{"level":"info","message":"LOG THIS"}
{"level":"info","message":"=========================================================="}
{"level":"info","message":"getting for collection: styles.441ed4745639572b9661.bundle.css"}
{"level":"info","message":"=========================================================="}
{"level":"info","message":"getting for collection: inline.b5964114283233ec1e47.bundle.js"}
{"level":"info","message":"=========================================================="}
{"level":"info","message":"getting for collection: polyfills.f20484b2fa4642e0dca8.bundle.js"}
{"level":"info","message":"=========================================================="}
{"level":"info","message":"getting for collection: main.0403bf208497a96d4838.bundle.js"}
{"level":"info","message":"=========================================================="}
{"level":"info","message":"getting for collection: styles.441ed4745639572b9661.bundle.css"}
{"level":"info","message":"=========================================================="}
{"level":"info","message":"getting for collection: inline.b5964114283233ec1e47.bundle.js"}
{"level":"info","message":"=========================================================="}
{"level":"info","message":"getting for collection: polyfills.f20484b2fa4642e0dca8.bundle.js"}
{"level":"info","message":"=========================================================="}
{"level":"info","message":"getting for collection: main.0403bf208497a96d4838.bundle.js"}
{"level":"info","message":"=========================================================="}
{"level":"info","message":"getting for collection: styles.441ed4745639572b9661.bundle.css"}
{"level":"info","message":"=========================================================="}
{"level":"info","message":"getting for collection: inline.b5964114283233ec1e47.bundle.js"}
{"level":"info","message":"=========================================================="}
{"level":"info","message":"getting for collection: polyfills.f20484b2fa4642e0dca8.bundle.js"}
{"level":"info","message":"=========================================================="}
{"level":"info","message":"getting for collection: main.0403bf208497a96d4838.bundle.js"}
{"level":"info","message":"=========================================================="}
{"level":"info","message":"getting for collection: styles.441ed4745639572b9661.bundle.css"}
{"level":"info","message":"=========================================================="}
{"level":"info","message":"getting for collection: inline.b5964114283233ec1e47.bundle.js"}
{"level":"info","message":"=========================================================="}
{"level":"info","message":"getting for collection: polyfills.f20484b2fa4642e0dca8.bundle.js"}
{"level":"info","message":"=========================================================="}
{"level":"info","message":"getting for collection: main.0403bf208497a96d4838.bundle.js"}
{"level":"info","message":"=========================================================="}
{"level":"info","message":"getting for collection: styles.441ed4745639572b9661.bundle.css"}
{"level":"info","message":"=========================================================="}
{"level":"info","message":"getting for collection: inline.b5964114283233ec1e47.bundle.js"}
{"level":"info","message":"logging this to file"}
{"level":"info","message":"LOG THIS"}
{"level":"info","message":"=========================================================="}
{"level":"info","message":"getting for collection: skin"}
{"level":"info","message":"number of records remaining, 1539"}
{"level":"info","message":"skipping these many records randomly, 78"}
{"level":"info","message":"doc being sent: {\"_id\":\"5a65d383d344d6d1d19765d6\",\"index\":77,\"image_url\":\"https://scontent.cdninstagram.com/t51.2885-15/s640x640/sh0.08/e35/25025604_425593374524247_5529130061220806656_n.jpg\",\"status\":0,\"userdefined_tags\":[],\"predefined_tags\":[\"woman\",\"no person\",\"people\",\"business\",\"text\",\"one\",\"adult\",\"conceptual\",\"indoors\",\"man\"]}"}
{"level":"info","message":"=========================================================="}
{"level":"info","message":"=========================================================="}
{"level":"info","message":"getting for collection: skin"}
{"level":"info","message":"number of records remaining, 1539"}
{"level":"info","message":"skipping these many records randomly, 1109"}
{"level":"info","message":"doc being sent: {\"_id\":\"5a65d383d344d6d1d19769de\",\"index\":1111,\"image_url\":\"https://scontent.cdninstagram.com/t51.2885-15/s640x640/e15/25037094_381609615617158_6975584186480459776_n.jpg\",\"status\":0,\"userdefined_tags\":[],\"predefined_tags\":[\"woman\",\"people\",\"indoors\",\"adolescent\",\"portrait\",\"one\",\"young\",\"business\",\"looking\",\"education\"]}"}
{"level":"info","message":"=========================================================="}
{"level":"info","message":"=========================================================="}
{"level":"info","message":"getting for collection: skin"}
{"level":"info","message":"number of records remaining, 1539"}
{"level":"info","message":"skipping these many records randomly, 382"}
{"level":"info","message":"doc being sent: {\"_id\":\"5a65d383d344d6d1d1976706\",\"index\":383,\"image_url\":\"https://scontent.cdninstagram.com/t51.2885-15/s640x640/sh0.08/e35/25038516_171612006922071_1679073926287720448_n.jpg\",\"status\":0,\"userdefined_tags\":[],\"predefined_tags\":[\"modern\",\"city\",\"design\",\"building\",\"travel\",\"people\",\"architecture\",\"business\",\"tourism\",\"signalise\"]}"}
{"level":"info","message":"=========================================================="}
{"level":"info","message":"=========================================================="}
{"level":"info","message":"getting for collection: skin"}
{"level":"info","message":"number of records remaining, 1539"}
{"level":"info","message":"skipping these many records randomly, 1002"}
{"level":"info","message":"doc being sent: {\"_id\":\"5a65d383d344d6d1d1976973\",\"index\":1005,\"image_url\":\"https://scontent.cdninstagram.com/t51.2885-15/e15/25024954_826347147572059_920081483425644544_n.jpg\",\"status\":0,\"userdefined_tags\":[],\"predefined_tags\":[\"H2O\",\"no person\",\"water\",\"blur\",\"reflection\",\"outdoors\",\"abstract\",\"wet\",\"art\",\"people\"]}"}
{"level":"info","message":"=========================================================="}
{"level":"info","message":"=========================================================="}
{"level":"info","message":"getting for collection: nail"}
{"level":"info","message":"number of records remaining, 2060"}
{"level":"info","message":"skipping these many records randomly, 1009"}
{"level":"info","message":"doc being sent: {\"_id\":\"5a65d362d344d6d1d1976163\",\"index\":1020,\"image_url\":\"https://scontent.cdninstagram.com/t51.2885-15/s640x640/sh0.08/e35/21690691_391408441274979_5163224071944536064_n.jpg\",\"status\":0,\"userdefined_tags\":[],\"predefined_tags\":[\"hand\",\"woman\",\"skin\",\"foot\",\"sand\",\"manicure\",\"love\",\"human\",\"finger\",\"relaxation\"]}"}
{"level":"info","message":"=========================================================="}
{"level":"info","message":"=========================================================="}
{"level":"info","message":"getting for collection: nail"}
{"level":"info","message":"number of records remaining, 2060"}
{"level":"info","message":"skipping these many records randomly, 931"}
{"level":"info","message":"doc being sent: {\"_id\":\"5a65d362d344d6d1d1976114\",\"index\":941,\"image_url\":\"https://scontent.cdninstagram.com/t51.2885-15/s640x640/sh0.08/e35/c0.8.736.736/20905485_261523944367111_5551153867535679488_n.jpg\",\"status\":0,\"userdefined_tags\":[],\"predefined_tags\":[\"skin\",\"hand\",\"woman\",\"treatment\",\"manicure\",\"medicine\",\"fingernail\",\"human\",\"healthcare\",\"finger\"]}"}
{"level":"info","message":"=========================================================="}
{"level":"info","message":"=========================================================="}
{"level":"info","message":"getting for collection: nail"}
{"level":"info","message":"number of records remaining, 2060"}
{"level":"info","message":"skipping these many records randomly, 389"}
{"level":"info","message":"doc being sent: {\"_id\":\"5a65d362d344d6d1d1975ef1\",\"index\":393,\"image_url\":\"https://scontent.cdninstagram.com/t51.2885-15/s640x640/sh0.08/e35/18096240_173323963191153_9163283064971853824_n.jpg\",\"status\":0,\"userdefined_tags\":[],\"predefined_tags\":[\"no person\",\"flower\",\"bright\",\"color\",\"nature\",\"beautiful\",\"flora\",\"love\",\"desktop\",\"summer\"]}"}
{"level":"info","message":"=========================================================="}
{"level":"info","message":"=========================================================="}
{"level":"info","message":"getting for collection: skin"}
{"level":"info","message":"number of records remaining, 1539"}
{"level":"info","message":"skipping these many records randomly, 802"}
{"level":"info","message":"doc being sent: {\"_id\":\"5a65d383d344d6d1d19768aa\",\"index\":803,\"image_url\":\"https://scontent.cdninstagram.com/t51.2885-15/s640x640/sh0.08/e35/25015572_511190189266913_7686285103693037568_n.jpg\",\"status\":0,\"userdefined_tags\":[],\"predefined_tags\":[\"no person\",\"health\",\"treatment\",\"medicine\",\"healthcare\",\"cure\",\"bottle\",\"soap\",\"plastic\",\"isolated\"]}"}
{"level":"info","message":"=========================================================="}
{"level":"info","message":"=========================================================="}
{"level":"info","message":"posting for collection: \"skin\""}
{"level":"info","message":"doc to be posted, {\"_id\":\"5a65d383d344d6d1d19768aa\",\"index\":803,\"image_url\":\"https://scontent.cdninstagram.com/t51.2885-15/s640x640/sh0.08/e35/25015572_511190189266913_7686285103693037568_n.jpg\",\"status\":0,\"userdefined_tags\":[\"treatment\",\"healthcare\",\"no person\",\"soap\",\"asdfasdf\"],\"predefined_tags\":[\"no person\",\"health\",\"treatment\",\"medicine\",\"healthcare\",\"cure\",\"bottle\",\"soap\",\"plastic\",\"isolated\"]}"}
{"level":"info","message":"userdefined_tags, [\"treatment\",\"healthcare\",\"no person\",\"soap\",\"asdfasdf\"]"}
{"level":"info","message":"number of records remaining, "}
{"level":"info","message":"skipping these many records randomly, "}
{"level":"info","message":"doc being sent: "}
{"level":"info","message":"=========================================================="}
{"level":"info","message":"=========================================================="}
{"level":"info","message":"getting for collection: skin"}
{"level":"info","message":"number of records remaining, 1538"}
{"level":"info","message":"skipping these many records randomly, 1080"}
{"level":"info","message":"doc being sent: {\"_id\":\"5a65d383d344d6d1d19769c2\",\"index\":1083,\"image_url\":\"https://scontent.cdninstagram.com/t51.2885-15/s640x640/sh0.08/e35/25007225_147775212543134_3442438350990999552_n.jpg\",\"status\":0,\"userdefined_tags\":[],\"predefined_tags\":[\"medicine\",\"treatment\",\"healthcare\",\"no person\",\"cure\",\"health\",\"bottle\",\"container\",\"medical\",\"illness\"]}"}
{"level":"info","message":"=========================================================="}
{"level":"info","message":"=========================================================="}
{"level":"info","message":"getting for collection: skin"}
{"level":"info","message":"number of records remaining, 1538"}
{"level":"info","message":"skipping these many records randomly, 624"}
{"level":"info","message":"doc being sent: {\"_id\":\"5a65d383d344d6d1d19767f8\",\"index\":627,\"image_url\":\"https://scontent.cdninstagram.com/t51.2885-15/sh0.08/e35/p640x640/26065620_2032424067001556_7224145115109916672_n.jpg\",\"status\":0,\"userdefined_tags\":[],\"predefined_tags\":[\"food\",\"vegetable\",\"no person\",\"slice\",\"meal\",\"dinner\",\"healthy\",\"delicious\",\"refreshment\",\"cheese\"]}"}
{"level":"info","message":"=========================================================="}
{"level":"info","message":"=========================================================="}
{"level":"info","message":"getting for collection: skin"}
{"level":"info","message":"number of records remaining, 1538"}
{"level":"info","message":"skipping these many records randomly, 1064"}
{"level":"info","message":"doc being sent: {\"_id\":\"5a65d383d344d6d1d19769b2\",\"index\":1060,\"image_url\":\"https://scontent.cdninstagram.com/t51.2885-15/s640x640/sh0.08/e35/25035719_205679963338610_4634589249360887808_n.jpg\",\"status\":0,\"userdefined_tags\":[],\"predefined_tags\":[\"no person\",\"winter\",\"Christmas\",\"card\",\"vacation\",\"health\",\"bright\",\"summer\",\"nature\",\"decoration\"]}"}
{"level":"info","message":"=========================================================="}
{"level":"info","message":"=========================================================="}
{"level":"info","message":"getting for collection: skin"}
{"level":"info","message":"number of records remaining, 1538"}
{"level":"info","message":"skipping these many records randomly, 1302"}
{"level":"info","message":"doc being sent: {\"_id\":\"5a65d383d344d6d1d1976aa0\",\"index\":1305,\"image_url\":\"https://scontent.cdninstagram.com/t51.2885-15/sh0.08/e35/p640x640/25017710_1571086576308215_5736921708577685504_n.jpg\",\"status\":0,\"userdefined_tags\":[],\"predefined_tags\":[\"no person\",\"nature\",\"medicine\",\"treatment\",\"health\",\"summer\",\"aromatherapy\",\"leaf\",\"healthcare\",\"outdoors\"]}"}
{"level":"info","message":"=========================================================="}
{"level":"info","message":"=========================================================="}
{"level":"info","message":"getting for collection: skin"}
{"level":"info","message":"number of records remaining, 1538"}
{"level":"info","message":"skipping these many records randomly, 1443"}
{"level":"info","message":"doc being sent: {\"_id\":\"5a65d383d344d6d1d1976b2d\",\"index\":1445,\"image_url\":\"https://scontent.cdninstagram.com/t51.2885-15/e35/24838515_371482996612321_837891546140377088_n.jpg\",\"status\":0,\"userdefined_tags\":[],\"predefined_tags\":[\"woman\",\"health\",\"skin\",\"healthcare\",\"care\",\"clean\",\"medicine\",\"treatment\",\"young\",\"isolated\"]}"}
{"level":"info","message":"=========================================================="}
{"level":"info","message":"=========================================================="}
{"level":"info","message":"getting for collection: nail"}
{"level":"info","message":"number of records remaining, 2060"}
{"level":"info","message":"skipping these many records randomly, 1342"}
{"level":"info","message":"doc being sent: {\"_id\":\"5a65d362d344d6d1d19762b1\",\"index\":1347,\"image_url\":\"https://scontent.cdninstagram.com/t51.2885-15/s640x640/sh0.08/e35/24177954_154137598673976_1359610569434333184_n.jpg\",\"status\":0,\"userdefined_tags\":[],\"predefined_tags\":[\"woman\",\"face\",\"beautiful\",\"girl\",\"glamour\",\"fashion\",\"skin\",\"eye\",\"lipstick\",\"lips\"]}"}
{"level":"info","message":"=========================================================="}
{"level":"info","message":"=========================================================="}
{"level":"info","message":"getting for collection: nail"}
{"level":"info","message":"number of records remaining, 2060"}
{"level":"info","message":"skipping these many records randomly, 663"}
{"level":"info","message":"doc being sent: {\"_id\":\"5a65d362d344d6d1d1976007\",\"index\":672,\"image_url\":\"https://scontent.cdninstagram.com/t51.2885-15/s640x640/sh0.08/e35/19931756_264316044053953_7486335937769635840_n.jpg\",\"status\":0,\"userdefined_tags\":[],\"predefined_tags\":[\"woman\",\"skin\",\"hand\",\"fashion\",\"manicure\",\"treatment\",\"care\",\"girl\",\"human\",\"nail\"]}"}
{"level":"info","message":"=========================================================="}
{"level":"info","message":"=========================================================="}
{"level":"info","message":"posting for collection: \"nail\""}
{"level":"info","message":"doc to be posted, {\"_id\":\"5a65d362d344d6d1d1976007\",\"index\":672,\"image_url\":\"https://scontent.cdninstagram.com/t51.2885-15/s640x640/sh0.08/e35/19931756_264316044053953_7486335937769635840_n.jpg\",\"status\":0,\"userdefined_tags\":[\"skin\",\"manicure\",\"girl\",\"fashion\",\"asdfasdf\"],\"predefined_tags\":[\"woman\",\"skin\",\"hand\",\"fashion\",\"manicure\",\"treatment\",\"care\",\"girl\",\"human\",\"nail\"]}"}
{"level":"info","message":"userdefined_tags, [\"skin\",\"manicure\",\"girl\",\"fashion\",\"asdfasdf\"]"}
{"level":"info","message":"number of records remaining, "}
{"level":"info","message":"skipping these many records randomly, "}
{"level":"info","message":"doc being sent: "}
{"level":"info","message":"=========================================================="}
{"level":"info","message":"logging this to file"}
{"level":"info","message":"LOG THIS"}
{"level":"info","message":"=========================================================="}
{"level":"info","message":"getting for collection: styles.c3745a44ef5f65edd665.bundle.css"}
{"level":"info","message":"=========================================================="}
{"level":"info","message":"getting for collection: inline.f67bd971251ce2708fe1.bundle.js"}
{"level":"info","message":"=========================================================="}
{"level":"info","message":"getting for collection: main.d00d963ca0160c3ff026.bundle.js"}
{"level":"info","message":"=========================================================="}
{"level":"info","message":"getting for collection: polyfills.f20484b2fa4642e0dca8.bundle.js"}
{"level":"info","message":"logging this to file"}
{"level":"info","message":"LOG THIS"}
{"level":"info","message":"=========================================================="}
{"level":"info","message":"getting for collection: background.12736f3897c32cd8350e.png"}
{"level":"info","message":"=========================================================="}
{"level":"info","message":"getting for collection: skin"}
{"level":"info","message":"number of records remaining, 1538"}
{"level":"info","message":"skipping these many records randomly, 643"}
{"level":"info","message":"doc being sent: {\"_id\":\"5a65d383d344d6d1d197680b\",\"index\":643,\"image_url\":\"https://scontent.cdninstagram.com/t51.2885-15/s640x640/sh0.08/e35/26266514_831735940346607_4015340920458182656_n.jpg\",\"status\":0,\"userdefined_tags\":[],\"predefined_tags\":[\"treatment\",\"medicine\",\"bottle\",\"isolated\",\"health\",\"no person\",\"healthcare\",\"plastic\",\"clean\",\"care\"]}"}
{"level":"info","message":"=========================================================="}
{"level":"info","message":"=========================================================="}
{"level":"info","message":"posting for collection: \"skin\""}
{"level":"info","message":"doc to be posted, {\"_id\":\"5a65d383d344d6d1d197680b\",\"index\":643,\"image_url\":\"https://scontent.cdninstagram.com/t51.2885-15/s640x640/sh0.08/e35/26266514_831735940346607_4015340920458182656_n.jpg\",\"status\":0,\"userdefined_tags\":[\"medicine\",\"health\",\"no person\",\"plastic\",\"bottle\",\"fsdgfdgfdg\"],\"predefined_tags\":[\"treatment\",\"medicine\",\"bottle\",\"isolated\",\"health\",\"no person\",\"healthcare\",\"plastic\",\"clean\",\"care\"]}"}
{"level":"info","message":"userdefined_tags, [\"medicine\",\"health\",\"no person\",\"plastic\",\"bottle\",\"fsdgfdgfdg\"]"}
{"level":"info","message":"number of records remaining, "}
{"level":"info","message":"skipping these many records randomly, "}
{"level":"info","message":"doc being sent: "}
{"level":"info","message":"=========================================================="}
{"level":"info","message":"=========================================================="}
{"level":"info","message":"posting for collection: \"skin\""}
{"level":"info","message":"doc to be posted, {\"_id\":\"5a65d383d344d6d1d1976665\",\"index\":224,\"image_url\":\"https://scontent.cdninstagram.com/t51.2885-15/sh0.08/e35/p640x640/26283809_859400400909590_8694989084038266880_n.jpg\",\"status\":0,\"userdefined_tags\":[],\"predefined_tags\":[\"palm\",\"car\",\"travel\",\"vacation\",\"beach\",\"resort\",\"vehicle\",\"tropical\",\"hotel\",\"tourism\"]}"}
{"level":"info","message":"userdefined_tags, []"}
{"level":"info","message":"No user-defined tags"}
{"level":"info","message":"number of records remaining, 1537"}
{"level":"info","message":"skipping these many records randomly, 115"}
{"level":"info","message":"doc being sent: {\"_id\":\"5a65d383d344d6d1d19765fb\",\"index\":114,\"image_url\":\"https://scontent.cdninstagram.com/t51.2885-15/s640x640/sh0.08/e35/26151880_248060979063998_616741408031637504_n.jpg\",\"status\":0,\"userdefined_tags\":[],\"predefined_tags\":[\"no person\",\"soap\",\"health\",\"treatment\",\"bottle\",\"clean\",\"healthcare\",\"hygiene\",\"merchandise\",\"toiletries\"]}"}
{"level":"info","message":"=========================================================="}
{"level":"info","message":"=========================================================="}
{"level":"info","message":"getting for collection: background.12736f3897c32cd8350e.png"}
{"level":"info","message":"logging this to file"}
{"level":"info","message":"LOG THIS"}
{"level":"info","message":"logging this to file"}
{"level":"info","message":"LOG THIS"}
{"level":"info","message":"=========================================================="}
{"level":"info","message":"getting for collection: styles.441ed4745639572b9661.bundle.css"}
{"level":"info","message":"=========================================================="}
{"level":"info","message":"getting for collection: inline.35395e4bc4197d207259.bundle.js"}
{"level":"info","message":"=========================================================="}
{"level":"info","message":"getting for collection: polyfills.f20484b2fa4642e0dca8.bundle.js"}
{"level":"info","message":"=========================================================="}
{"level":"info","message":"getting for collection: main.c57b53053a2c4c822151.bundle.js"}
{"level":"info","message":"=========================================================="}
{"level":"info","message":"getting for collection: eyes"}
{"level":"info","message":"number of records remaining, 3305"}
{"level":"info","message":"skipping these many records randomly, 675"}
{"level":"info","message":"doc being sent: {\"_id\":\"5a65d30ad344d6d1d19741a8\",\"index\":686,\"image_url\":\"https://scontent.cdninstagram.com/t51.2885-15/s640x640/sh0.08/e35/c143.0.793.793/18889045_596398877227096_1162415538404589568_n.jpg\",\"status\":0,\"userdefined_tags\":[],\"predefined_tags\":[\"glamour\",\"fashion\",\"woman\",\"skin\",\"lipstick\",\"lips\",\"mascara\",\"eye\",\"hair\",\"sexy\"]}"}
{"level":"info","message":"=========================================================="}
{"level":"info","message":"=========================================================="}
{"level":"info","message":"getting for collection: skin"}
{"level":"info","message":"number of records remaining, 1537"}
{"level":"info","message":"skipping these many records randomly, 445"}
{"level":"info","message":"doc being sent: {\"_id\":\"5a65d383d344d6d1d1976745\",\"index\":438,\"image_url\":\"https://scontent.cdninstagram.com/t51.2885-15/s640x640/sh0.08/e35/25015568_570601789958826_5608134064780345344_n.jpg\",\"status\":0,\"userdefined_tags\":[],\"predefined_tags\":[\"bottle\",\"no person\",\"glass\",\"care\",\"medicine\",\"container\",\"perfume\",\"liquid\",\"health\",\"Cologne\"]}"}
{"level":"info","message":"=========================================================="}
{"level":"info","message":"=========================================================="}
{"level":"info","message":"getting for collection: nail"}
{"level":"info","message":"number of records remaining, 2059"}
{"level":"info","message":"skipping these many records randomly, 759"}
{"level":"info","message":"doc being sent: {\"_id\":\"5a65d362d344d6d1d1976069\",\"index\":771,\"image_url\":\"https://scontent.cdninstagram.com/t51.2885-15/s640x640/sh0.08/e35/19931634_1463974543664140_4940891306000908288_n.jpg\",\"status\":0,\"userdefined_tags\":[],\"predefined_tags\":[\"manicure\",\"polish\",\"fingernail\",\"nail\",\"treatment\",\"skin\",\"woman\",\"enamel\",\"hand\",\"care\"]}"}
{"level":"info","message":"=========================================================="}
{"level":"info","message":"=========================================================="}
{"level":"info","message":"posting for collection: \"nail\""}
{"level":"info","message":"doc to be posted, {\"_id\":\"5a65d362d344d6d1d1976069\",\"index\":771,\"image_url\":\"https://scontent.cdninstagram.com/t51.2885-15/s640x640/sh0.08/e35/19931634_1463974543664140_4940891306000908288_n.jpg\",\"status\":0,\"userdefined_tags\":[\"manicure\",\"treatment\",\"woman\",\"fingernail\",\"asdfasdf\"],\"predefined_tags\":[\"manicure\",\"polish\",\"fingernail\",\"nail\",\"treatment\",\"skin\",\"woman\",\"enamel\",\"hand\",\"care\"]}"}
{"level":"info","message":"userdefined_tags, [\"manicure\",\"treatment\",\"woman\",\"fingernail\",\"asdfasdf\"]"}
{"level":"info","message":"number of records remaining, "}
{"level":"info","message":"skipping these many records randomly, "}
{"level":"info","message":"doc being sent: "}
{"level":"info","message":"=========================================================="}
{"level":"info","message":"=========================================================="}
{"level":"info","message":"posting for collection: \"nail\""}
{"level":"info","message":"doc to be posted, {\"_id\":\"5a65d362d344d6d1d1976017\",\"index\":688,\"image_url\":\"https://scontent.cdninstagram.com/t51.2885-15/s640x640/sh0.08/e35/c0.135.1080.1080/19932872_256382301514034_669126698939187200_n.jpg\",\"status\":0,\"userdefined_tags\":[\"nail\",\"enamel\"],\"predefined_tags\":[\"manicure\",\"fingernail\",\"nail\",\"polish\",\"hand\",\"enamel\",\"woman\",\"finger\",\"treatment\",\"salon\"]}"}
{"level":"info","message":"userdefined_tags, [\"nail\",\"enamel\"]"}
{"level":"info","message":"number of records remaining, "}
{"level":"info","message":"skipping these many records randomly, "}
{"level":"info","message":"doc being sent: "}
{"level":"info","message":"=========================================================="}
{"level":"info","message":"=========================================================="}
{"level":"info","message":"posting for collection: \"nail\""}
{"level":"info","message":"doc to be posted, {\"_id\":\"5a65d362d344d6d1d1975e5a\",\"index\":244,\"image_url\":\"https://scontent.cdninstagram.com/t51.2885-15/s640x640/sh0.08/e35/17333760_565503390305098_1344496884462387200_n.jpg\",\"status\":0,\"userdefined_tags\":[],\"predefined_tags\":[\"finger\",\"skin\",\"hand\",\"care\",\"treatment\",\"fingernail\",\"nail\",\"woman\",\"manicure\",\"closeup\"]}"}
{"level":"info","message":"userdefined_tags, []"}
{"level":"info","message":"No user-defined tags"}
{"level":"info","message":"number of records remaining, 2057"}
{"level":"info","message":"skipping these many records randomly, 344"}
{"level":"info","message":"doc being sent: {\"_id\":\"5a65d362d344d6d1d1975ec4\",\"index\":351,\"image_url\":\"https://scontent.cdninstagram.com/t51.2885-15/s640x640/sh0.08/e35/c213.0.654.654/18013751_1867870423452227_2499065285688950784_n.jpg\",\"status\":0,\"userdefined_tags\":[],\"predefined_tags\":[\"fashion\",\"jewelry\",\"accessory\",\"wear\",\"elegant\",\"luxury\",\"bracelet\",\"woman\",\"wedding\",\"shining\"]}"}
{"level":"info","message":"=========================================================="}
{"level":"info","message":"=========================================================="}
{"level":"info","message":"posting for collection: \"nail\""}
{"level":"info","message":"doc to be posted, {\"_id\":\"5a65d362d344d6d1d1975ec4\",\"index\":351,\"image_url\":\"https://scontent.cdninstagram.com/t51.2885-15/s640x640/sh0.08/e35/c213.0.654.654/18013751_1867870423452227_2499065285688950784_n.jpg\",\"status\":0,\"userdefined_tags\":[\"elegant\",\"jewelry\",\"sadf\"],\"predefined_tags\":[\"fashion\",\"jewelry\",\"accessory\",\"wear\",\"elegant\",\"luxury\",\"bracelet\",\"woman\",\"wedding\",\"shining\"]}"}
{"level":"info","message":"userdefined_tags, [\"elegant\",\"jewelry\",\"sadf\"]"}
{"level":"info","message":"number of records remaining, "}
{"level":"info","message":"skipping these many records randomly, "}
{"level":"info","message":"doc being sent: "}
{"level":"info","message":"=========================================================="}
{"level":"info","message":"=========================================================="}
{"level":"info","message":"posting for collection: \"nail\""}
{"level":"info","message":"doc to be posted, {\"_id\":\"5a65d362d344d6d1d197647c\",\"index\":1814,\"image_url\":\"https://scontent.cdninstagram.com/t51.2885-15/s640x640/sh0.08/e35/17819260_210157869488729_6270957843378077696_n.jpg\",\"status\":0,\"userdefined_tags\":[],\"predefined_tags\":[\"hand\",\"woman\",\"human\",\"finger\",\"manicure\",\"nail\",\"color\",\"desktop\",\"care\",\"skin\"]}"}
{"level":"info","message":"userdefined_tags, []"}
{"level":"info","message":"No user-defined tags"}
{"level":"info","message":"number of records remaining, 2056"}
{"level":"info","message":"skipping these many records randomly, 1411"}
{"level":"info","message":"doc being sent: {\"_id\":\"5a65d362d344d6d1d19762fa\",\"index\":1426,\"image_url\":\"https://scontent.cdninstagram.com/t51.2885-15/s640x640/sh0.08/e35/23967122_143506662885396_375775712453328896_n.jpg\",\"status\":0,\"userdefined_tags\":[],\"predefined_tags\":[\"woman\",\"skin\",\"treatment\",\"manicure\",\"hand\",\"health\",\"no person\",\"foot\",\"creativity\",\"isolated\"]}"}
{"level":"info","message":"=========================================================="}
{"level":"info","message":"logging this to file"}
{"level":"info","message":"LOG THIS"}
{"level":"info","message":"=========================================================="}
{"level":"info","message":"getting for collection: eyes"}
{"level":"info","message":"number of records remaining, 1"}
{"level":"info","message":"skipping these many records randomly, 0"}
{"level":"info","message":"doc being sent: {\"_id\":\"5a65e618d1d3aef2949577f6\",\"index\":2,\"image_url\":\"https://encrypted-tbn0.gstatic.com/images?q=tbn:ANd9GcSKfdSjR0s8Oyip1urhwvUedDhiM3Hi8HtmsbNM490HZNgm97uB-Q\",\"status\":0,\"__v\":3,\"userdefined_tags\":[\"\",\"woman\",\"girl\",\"hair\",\"tag\",\"tag1\",\"tag2\",\"asdfadgf.\",\"sadgfadg\",\"\",\"\",\"\"],\"predefined_tags\":[\"woman\",\"girl\",\"fashion\",\"beautiful\",\"young\",\"pretty\",\"hair\",\"glamour\",\"sexy\",\"face\"]}"}
{"level":"info","message":"=========================================================="}
{"level":"info","message":"=========================================================="}
{"level":"info","message":"posting for collection: \"eyes\""}
{"level":"info","message":"doc to be posted, {\"_id\":\"5a65e618d1d3aef2949577f6\",\"index\":2,\"image_url\":\"https://encrypted-tbn0.gstatic.com/images?q=tbn:ANd9GcSKfdSjR0s8Oyip1urhwvUedDhiM3Hi8HtmsbNM490HZNgm97uB-Q\",\"status\":0,\"__v\":3,\"userdefined_tags\":[\"\",\"woman\",\"girl\",\"hair\",\"tag\",\"tag1\",\"tag2\",\"asdfadgf.\",\"sadgfadg\",\"\",\"\",\"\",\"young\",\"fashion\",\"sexy\"],\"predefined_tags\":[\"woman\",\"girl\",\"fashion\",\"beautiful\",\"young\",\"pretty\",\"hair\",\"glamour\",\"sexy\",\"face\"]}"}
{"level":"info","message":"userdefined_tags, [\"\",\"woman\",\"girl\",\"hair\",\"tag\",\"tag1\",\"tag2\",\"asdfadgf.\",\"sadgfadg\",\"\",\"\",\"\",\"young\",\"fashion\",\"sexy\"]"}
{"level":"info","message":"number of records remaining, "}
{"level":"info","message":"skipping these many records randomly, "}
{"level":"info","message":"doc being sent: "}
{"level":"info","message":"=========================================================="}
